<?xml version="1.0" encoding="UTF-8"?>
<testsuite name="com.stock.analysis.doubler.DoublerImplTest" tests="1" skipped="0" failures="0" errors="0" timestamp="2016-09-05T23:57:35" hostname="Nicks-MacBook-Air.local" time="0.002">
  <properties/>
  <testcase name="testIt" classname="com.stock.analysis.doubler.DoublerImplTest" time="0.002"/>
  <system-out><![CDATA[]]></system-out>
  <system-err><![CDATA[]]></system-err>
</testsuite>
